SCORES FOR THE GROUP: CRF1_drugbank RUN=1

Strict matching (boundaries + type)
cor	inc	par	mis	spu	total	prec	recall	F1
235	16	0	53	15	304	0.88	0.77	0.82



Exact matching
cor	inc	par	mis	spu	total	prec	recall	F1
241	10	0	53	15	304	0.91	0.79	0.85



Partial matching
cor	inc	par	mis	spu	total	prec	recall	F1
241	0	10	53	15	304	0.91	0.81	0.85



type matching
cor	inc	par	mis	spu	total	prec	recall	F1
243	8	0	53	15	304	0.91	0.8	0.85



SCORES FOR ENTITY TYPE
Exact matching on drug
cor	inc	par	mis	spu	total	prec	recall	F1
149	5	0	26	11	180	0.9	0.83	0.86


Exact matching on brand
cor	inc	par	mis	spu	total	prec	recall	F1
31	0	0	22	1	53	0.97	0.58	0.73


Exact matching on group
cor	inc	par	mis	spu	total	prec	recall	F1
55	3	0	7	4	65	0.89	0.85	0.87


Exact matching on drug_n
cor	inc	par	mis	spu	total	prec	recall	F1
0	0	0	6	0	6	0	0	0


MACRO-AVERAGE MEASURES:
P	R	F1
0.69	0.56	0.61
________________________________________________________________________

