SCORES FOR THE GROUP: baseline RUN=2
Gold Dataset: /

Partial Evaluation: only detection of DDI (regadless to the type)
tp	fp	fn	total	prec	recall	F1
543	1956	341	884	0.2173	0.6143	0.321


Detection and Classification of DDI
tp	fp	fn	total	prec	recall	F1
262	2237	622	884	0.1048	0.2964	0.1549


________________________________________________________________________

SCORES FOR DDI TYPE
Scores for ddi with type mechanism
tp	fp	fn	total	prec	recall	F1
70	529	208	278	0.1169	0.2518	0.1596


Scores for ddi with type effect
tp	fp	fn	total	prec	recall	F1
192	1708	106	298	0.1011	0.6443	0.1747


Scores for ddi with type advise
tp	fp	fn	total	prec	recall	F1
0	0	214	214	0	0	0


Scores for ddi with type int
tp	fp	fn	total	prec	recall	F1
0	0	94	94	0	0	0


MACRO-AVERAGE MEASURES:
	P	R	F1
	0.0545	0.224	0.0876
________________________________________________________________________

