SCORES FOR THE GROUP: TREE1_medline RUN=3

Strict matching (boundaries + type)
cor	inc	par	mis	spu	total	prec	recall	F1
118	37	0	227	39	382	0.61	0.31	0.41



Exact matching
cor	inc	par	mis	spu	total	prec	recall	F1
132	23	0	227	39	382	0.68	0.35	0.46



Partial matching
cor	inc	par	mis	spu	total	prec	recall	F1
132	0	23	227	39	382	0.68	0.38	0.48



type matching
cor	inc	par	mis	spu	total	prec	recall	F1
129	26	0	227	39	382	0.66	0.34	0.45



SCORES FOR ENTITY TYPE
Exact matching on drug
cor	inc	par	mis	spu	total	prec	recall	F1
83	9	0	79	11	171	0.81	0.49	0.61


Exact matching on brand
cor	inc	par	mis	spu	total	prec	recall	F1
2	0	0	4	0	6	1	0.33	0.5


Exact matching on group
cor	inc	par	mis	spu	total	prec	recall	F1
27	2	0	61	9	90	0.71	0.3	0.42


Exact matching on drug_n
cor	inc	par	mis	spu	total	prec	recall	F1
6	0	0	109	3	115	0.67	0.05	0.1


MACRO-AVERAGE MEASURES:
P	R	F1
0.8	0.29	0.41
________________________________________________________________________

