SCORES FOR THE GROUP: UC3M RUN=1

Strict matching (boundaries + type)
cor	inc	par	mis	spu	total	prec	recall	F1
45	109	0	228	166	382	0.14	0.12	0.13



Exact matching
cor	inc	par	mis	spu	total	prec	recall	F1
103	51	0	228	166	382	0.32	0.27	0.29



Partial matching
cor	inc	par	mis	spu	total	prec	recall	F1
103	0	51	228	166	382	0.32	0.34	0.33



type matching
cor	inc	par	mis	spu	total	prec	recall	F1
64	90	0	228	166	382	0.2	0.17	0.18



SCORES FOR ENTITY TYPE
Exact matching on drug
cor	inc	par	mis	spu	total	prec	recall	F1
45	19	0	107	30	171	0.48	0.26	0.34


Exact matching on brand
cor	inc	par	mis	spu	total	prec	recall	F1
0	0	0	6	3	6	0	0	0


Exact matching on group
cor	inc	par	mis	spu	total	prec	recall	F1
0	0	0	90	0	90	0	0	0


Exact matching on drug_n
cor	inc	par	mis	spu	total	prec	recall	F1
0	0	0	115	0	115	0	0	0


MACRO-AVERAGE MEASURES:
P	R	F1
0.12	0.07	0.08
________________________________________________________________________

