SCORES FOR THE GROUP: baseline RUN=2
Gold Dataset: /

Partial Evaluation: only detection of DDI (regadless to the type)
tp	fp	fn	total	prec	recall	F1
41	113	54	95	0.2662	0.4316	0.3293


Detection and Classification of DDI
tp	fp	fn	total	prec	recall	F1
27	127	68	95	0.1753	0.2842	0.2169


________________________________________________________________________

SCORES FOR DDI TYPE
Scores for ddi with type mechanism
tp	fp	fn	total	prec	recall	F1
3	21	21	24	0.125	0.125	0.125


Scores for ddi with type effect
tp	fp	fn	total	prec	recall	F1
24	106	38	62	0.1846	0.3871	0.25


Scores for ddi with type advise
tp	fp	fn	total	prec	recall	F1
0	0	7	7	0	0	0


Scores for ddi with type int
tp	fp	fn	total	prec	recall	F1
0	0	2	2	0	0	0


MACRO-AVERAGE MEASURES:
	P	R	F1
	0.0774	0.128	0.0965
________________________________________________________________________

